<?xml version="1.0" encoding="UTF-8"?>
<testng-results ignored="0" total="3" passed="2" failed="1" skipped="0">
  <reporter-output>
  </reporter-output>
  <suite started-at="2024-07-22T19:48:23 IST" name="Default suite" finished-at="2024-07-22T19:49:35 IST" duration-ms="72299">
    <groups>
      <group name="cucumber">
        <method signature="AbstractTestNGCucumberTests.runScenario(io.cucumber.testng.PickleWrapper,io.cucumber.testng.FeatureWrapper)[pri:0, instance:com.Runner.in.MyRunner@3fc2959f]" name="runScenario" class="io.cucumber.testng.AbstractTestNGCucumberTests"/>
      </group> <!-- cucumber -->
    </groups>
    <test started-at="2024-07-22T19:48:23 IST" name="Default test" finished-at="2024-07-22T19:49:35 IST" duration-ms="72299">
      <class name="com.Runner.in.MyRunner">
        <test-method is-config="true" signature="setUpClass()[pri:0, instance:com.Runner.in.MyRunner@3fc2959f]" started-at="2024-07-22T19:48:23 IST" name="setUpClass" finished-at="2024-07-22T19:48:26 IST" duration-ms="3636" status="PASS">
          <reporter-output>
          </reporter-output>
        </test-method> <!-- setUpClass -->
        <test-method signature="runScenario(io.cucumber.testng.PickleWrapper,io.cucumber.testng.FeatureWrapper)[pri:0, instance:com.Runner.in.MyRunner@3fc2959f]" started-at="2024-07-22T19:48:27 IST" name="runScenario" description="Runs Cucumber Scenarios" data-provider="scenarios" finished-at="2024-07-22T19:48:53 IST" duration-ms="26841" status="FAIL">
          <params>
            <param index="0">
              <value>
                <![CDATA["User searches for a valid product"]]>
              </value>
            </param>
            <param index="1">
              <value>
                <![CDATA["Optional[Search functionality]"]]>
              </value>
            </param>
          </params>
          <exception class="java.lang.ArithmeticException">
            <message>
              <![CDATA[/ by zero]]>
            </message>
            <full-stacktrace>
              <![CDATA[java.lang.ArithmeticException: / by zero
at com.stepDefinition.in.SearchDef.user_enters_valid_product_into_search_box_field(SearchDef.java:32)
at ✽.User enters valid product "HP" into Search box field(file:///D:/workspace/NewCucumberProject/CucumberHyd/./src/test/resources/feature/NewSearch.feature:5)
]]>
            </full-stacktrace>
          </exception> <!-- java.lang.ArithmeticException -->
          <reporter-output>
          </reporter-output>
        </test-method> <!-- runScenario -->
        <test-method signature="runScenario(io.cucumber.testng.PickleWrapper,io.cucumber.testng.FeatureWrapper)[pri:0, instance:com.Runner.in.MyRunner@3fc2959f]" started-at="2024-07-22T19:48:54 IST" name="runScenario" description="Runs Cucumber Scenarios" data-provider="scenarios" finished-at="2024-07-22T19:49:12 IST" duration-ms="18324" status="PASS">
          <params>
            <param index="0">
              <value>
                <![CDATA["User searches for an invalid product"]]>
              </value>
            </param>
            <param index="1">
              <value>
                <![CDATA["Optional[Search functionality]"]]>
              </value>
            </param>
          </params>
          <reporter-output>
          </reporter-output>
        </test-method> <!-- runScenario -->
        <test-method signature="runScenario(io.cucumber.testng.PickleWrapper,io.cucumber.testng.FeatureWrapper)[pri:0, instance:com.Runner.in.MyRunner@3fc2959f]" started-at="2024-07-22T19:49:12 IST" name="runScenario" description="Runs Cucumber Scenarios" data-provider="scenarios" finished-at="2024-07-22T19:49:31 IST" duration-ms="18905" status="PASS">
          <params>
            <param index="0">
              <value>
                <![CDATA["User searches without any product"]]>
              </value>
            </param>
            <param index="1">
              <value>
                <![CDATA["Optional[Search functionality]"]]>
              </value>
            </param>
          </params>
          <reporter-output>
          </reporter-output>
        </test-method> <!-- runScenario -->
        <test-method is-config="true" signature="tearDownClass()[pri:0, instance:com.Runner.in.MyRunner@3fc2959f]" started-at="2024-07-22T19:49:31 IST" name="tearDownClass" finished-at="2024-07-22T19:49:35 IST" duration-ms="4196" status="PASS">
          <reporter-output>
          </reporter-output>
        </test-method> <!-- tearDownClass -->
      </class> <!-- com.Runner.in.MyRunner -->
    </test> <!-- Default test -->
  </suite> <!-- Default suite -->
</testng-results>
